<?xml version="1.0" encoding="UTF-8"?>
<!-- Generated by org.testng.reporters.JUnitXMLReporter -->
<testsuite ignored="0" hostname="DESKTOP-DIOOLFK" failures="0" tests="2" name="LoginTestModule" time="13.938" errors="0" timestamp="2021-09-26T10:15:05 BDT">
  <testcase classname="com.bat.LandTraningSeleniumAutomation.Test.LoginTest" name="LoginPageTitleVerify" time="8.36"/>
  <testcase classname="com.bat.LandTraningSeleniumAutomation.Test.LoginTest" name="logintest" time="5.549"/>
</testsuite> <!-- LoginTestModule -->
