<?xml version="1.0" encoding="UTF-8"?>
<!-- Generated by org.testng.reporters.JUnitXMLReporter -->
<testsuite ignored="0" hostname="DESKTOP-DIOOLFK" failures="0" tests="2" name="OfficeRegistrationModule" time="41.642" errors="0" timestamp="2021-09-26T10:16:06 BDT">
  <testcase classname="com.bat.LandTraningSeleniumAutomation.Test.OfficeRegistrationTest" name="dashboardToOffRegistrationPage" time="11.083"/>
  <testcase classname="com.bat.LandTraningSeleniumAutomation.Test.OfficeRegistrationTest" name="newOffRegistration" time="30.558"/>
</testsuite> <!-- OfficeRegistrationModule -->
