<?xml version="1.0" encoding="UTF-8"?>
<!-- Generated by org.testng.reporters.JUnitXMLReporter -->
<testsuite ignored="0" hostname="DESKTOP-DIOOLFK" failures="0" tests="2" name="PodobiRegistrationModule" time="56.895" errors="0" timestamp="2021-09-26T10:17:03 BDT">
  <testcase classname="com.bat.LandTraningSeleniumAutomation.Test.PodobiRegistrationTest" name="dashboardToPodobiRegistrationPage" time="7.53"/>
  <testcase classname="com.bat.LandTraningSeleniumAutomation.Test.PodobiRegistrationTest" name="newPodobiRegistration" time="49.349"/>
</testsuite> <!-- PodobiRegistrationModule -->
