<?xml version="1.0" encoding="UTF-8"?>
<!-- Generated by org.testng.reporters.JUnitXMLReporter -->
<testsuite ignored="0" hostname="DESKTOP-DIOOLFK" failures="0" tests="2" name="PodobiRegistrationModule" time="51.07" errors="0" timestamp="2021-09-25T19:41:22 BDT">
  <testcase classname="com.bat.LandTraningSeleniumAutomation.Test.PodobiRegistrationTest" name="dashboardToPodobiRegistrationPage" time="9.19"/>
  <testcase classname="com.bat.LandTraningSeleniumAutomation.Test.PodobiRegistrationTest" name="newPodobiRegistration" time="41.875"/>
</testsuite> <!-- PodobiRegistrationModule -->
