<?xml version="1.0" encoding="UTF-8"?>
<testng-results ignored="0" total="8" passed="7" failed="1" skipped="0">
  <reporter-output>
  </reporter-output>
  <suite started-at="2021-09-25T19:39:17 BDT" name="LandTraningSeleniumAutomation" finished-at="2021-09-25T19:41:22 BDT" duration-ms="124876">
    <groups>
    </groups>
    <test started-at="2021-09-25T19:39:17 BDT" name="LoginTestModule" finished-at="2021-09-25T19:39:30 BDT" duration-ms="12631">
      <class name="com.bat.LandTraningSeleniumAutomation.Test.LoginTest">
        <test-method signature="LoginPageTitleVerify()[pri:0, instance:com.bat.LandTraningSeleniumAutomation.Test.LoginTest@6b2ea799]" started-at="2021-09-25T19:39:17 BDT" name="LoginPageTitleVerify" finished-at="2021-09-25T19:39:24 BDT" duration-ms="6919" status="PASS">
          <reporter-output>
          </reporter-output>
        </test-method> <!-- LoginPageTitleVerify -->
        <test-method signature="logintest()[pri:0, instance:com.bat.LandTraningSeleniumAutomation.Test.LoginTest@6b2ea799]" started-at="2021-09-25T19:39:24 BDT" name="logintest" finished-at="2021-09-25T19:39:30 BDT" depends-on-methods="com.bat.LandTraningSeleniumAutomation.Test.LoginTest.LoginPageTitleVerify" duration-ms="5683" status="PASS">
          <reporter-output>
          </reporter-output>
        </test-method> <!-- logintest -->
      </class> <!-- com.bat.LandTraningSeleniumAutomation.Test.LoginTest -->
    </test> <!-- LoginTestModule -->
    <test started-at="2021-09-25T19:39:30 BDT" name="UserRegistrationModule" finished-at="2021-09-25T19:39:49 BDT" duration-ms="19368">
      <class name="com.bat.LandTraningSeleniumAutomation.Test.UserRegistrationTest">
        <test-method signature="dashboardToRegistrationPage()[pri:0, instance:com.bat.LandTraningSeleniumAutomation.Test.UserRegistrationTest@2a5c8d3f]" started-at="2021-09-25T19:39:30 BDT" name="dashboardToRegistrationPage" finished-at="2021-09-25T19:39:36 BDT" duration-ms="5995" status="PASS">
          <reporter-output>
          </reporter-output>
        </test-method> <!-- dashboardToRegistrationPage -->
        <test-method signature="newUserRegistration(java.util.List)[pri:0, instance:com.bat.LandTraningSeleniumAutomation.Test.UserRegistrationTest@2a5c8d3f]" started-at="2021-09-25T19:39:36 BDT" name="newUserRegistration" data-provider="loginData" finished-at="2021-09-25T19:39:49 BDT" depends-on-methods="com.bat.LandTraningSeleniumAutomation.Test.UserRegistrationTest.dashboardToRegistrationPage" duration-ms="12788" status="FAIL">
          <params>
            <param index="0">
              <value>
                <![CDATA[[LoginDTO [username=hasaner5g32, password=pass123@E, email=ydra@gmail.com, mobile=1693214759, nameBn=হাসান, nameEn=Hasan, div=চট্টগ্রাম, dis=রাঙ্গামাটি, upa=বরকল, office=উপজেলা ভূমি অফিস, des=সহকারী কমিশনার (ভূমি), usergroup=Assistant Commissioner, Land, Upazila Land Office, nid=a12563986523658, phone=01897214569, offphone=89653256, dob=25-08-1995, gender=পুরুষ, peraddress=dhaka, preaddress=dhaka, exdate=25-08-2021, photo=D:\FromAug21\pic.jpg, sign=D:\FromAug21\sign.png], LoginDTO [username=, password=null, email=null, mobile=null, nameBn=null, nameEn=null, div=null, dis=null, upa=null, office=null, des=null, usergroup=null, nid=null, phone=null, offphone=null, dob=null, gender=null, peraddress=null, preaddress=null, exdate=null, photo=null, sign=null]]]]>
              </value>
            </param>
          </params>
          <exception class="org.openqa.selenium.NoSuchElementException">
            <message>
              <![CDATA[no such element: Unable to locate element: {"method":"css selector","selector":"#username"}
  (Session info: chrome=94.0.4606.61)
For documentation on this error, please visit: https://www.seleniumhq.org/exceptions/no_such_element.html
Build info: version: '3.141.59', revision: 'e82be7d358', time: '2018-11-14T08:17:03'
System info: host: 'DESKTOP-DIOOLFK', ip: '192.168.30.250', os.name: 'Windows 10', os.arch: 'amd64', os.version: '10.0', java.version: '17'
Driver info: org.openqa.selenium.chrome.ChromeDriver
Capabilities {acceptInsecureCerts: false, browserName: chrome, browserVersion: 94.0.4606.61, chrome: {chromedriverVersion: 93.0.4577.63 (ff5c0da2ec0ad..., userDataDir: C:\Users\Dell\AppData\Local...}, goog:chromeOptions: {debuggerAddress: localhost:55627}, javascriptEnabled: true, networkConnectionEnabled: false, pageLoadStrategy: normal, platform: WINDOWS, platformName: WINDOWS, proxy: Proxy(), setWindowRect: true, strictFileInteractability: false, timeouts: {implicit: 0, pageLoad: 300000, script: 30000}, unhandledPromptBehavior: dismiss and notify, webauthn:extension:credBlob: true, webauthn:extension:largeBlob: true, webauthn:virtualAuthenticators: true}
Session ID: 60a6db3dd6563275fb5b30550e355897
*** Element info: {Using=id, value=username}]]>
            </message>
            <full-stacktrace>
              <![CDATA[org.openqa.selenium.NoSuchElementException: no such element: Unable to locate element: {"method":"css selector","selector":"#username"}
  (Session info: chrome=94.0.4606.61)
For documentation on this error, please visit: https://www.seleniumhq.org/exceptions/no_such_element.html
Build info: version: '3.141.59', revision: 'e82be7d358', time: '2018-11-14T08:17:03'
System info: host: 'DESKTOP-DIOOLFK', ip: '192.168.30.250', os.name: 'Windows 10', os.arch: 'amd64', os.version: '10.0', java.version: '17'
Driver info: org.openqa.selenium.chrome.ChromeDriver
Capabilities {acceptInsecureCerts: false, browserName: chrome, browserVersion: 94.0.4606.61, chrome: {chromedriverVersion: 93.0.4577.63 (ff5c0da2ec0ad..., userDataDir: C:\Users\Dell\AppData\Local...}, goog:chromeOptions: {debuggerAddress: localhost:55627}, javascriptEnabled: true, networkConnectionEnabled: false, pageLoadStrategy: normal, platform: WINDOWS, platformName: WINDOWS, proxy: Proxy(), setWindowRect: true, strictFileInteractability: false, timeouts: {implicit: 0, pageLoad: 300000, script: 30000}, unhandledPromptBehavior: dismiss and notify, webauthn:extension:credBlob: true, webauthn:extension:largeBlob: true, webauthn:virtualAuthenticators: true}
Session ID: 60a6db3dd6563275fb5b30550e355897
*** Element info: {Using=id, value=username}
at java.base/jdk.internal.reflect.NativeConstructorAccessorImpl.newInstance0(Native Method)
at java.base/jdk.internal.reflect.NativeConstructorAccessorImpl.newInstance(NativeConstructorAccessorImpl.java:77)
at java.base/jdk.internal.reflect.DelegatingConstructorAccessorImpl.newInstance(DelegatingConstructorAccessorImpl.java:45)
at java.base/java.lang.reflect.Constructor.newInstanceWithCaller(Constructor.java:499)
at java.base/java.lang.reflect.Constructor.newInstance(Constructor.java:480)
at org.openqa.selenium.remote.http.W3CHttpResponseCodec.createException(W3CHttpResponseCodec.java:187)
at org.openqa.selenium.remote.http.W3CHttpResponseCodec.decode(W3CHttpResponseCodec.java:122)
at org.openqa.selenium.remote.http.W3CHttpResponseCodec.decode(W3CHttpResponseCodec.java:49)
at org.openqa.selenium.remote.HttpCommandExecutor.execute(HttpCommandExecutor.java:158)
at org.openqa.selenium.remote.service.DriverCommandExecutor.execute(DriverCommandExecutor.java:83)
at org.openqa.selenium.remote.RemoteWebDriver.execute(RemoteWebDriver.java:552)
at org.openqa.selenium.remote.RemoteWebDriver.findElement(RemoteWebDriver.java:323)
at org.openqa.selenium.remote.RemoteWebDriver.findElementById(RemoteWebDriver.java:372)
at org.openqa.selenium.By$ById.findElement(By.java:188)
at org.openqa.selenium.remote.RemoteWebDriver.findElement(RemoteWebDriver.java:315)
at com.bat.LandTraningSeleniumAutomation.Test.UserRegistrationTest.newUserRegistration(UserRegistrationTest.java:53)
at java.base/jdk.internal.reflect.NativeMethodAccessorImpl.invoke0(Native Method)
at java.base/jdk.internal.reflect.NativeMethodAccessorImpl.invoke(NativeMethodAccessorImpl.java:77)
at java.base/jdk.internal.reflect.DelegatingMethodAccessorImpl.invoke(DelegatingMethodAccessorImpl.java:43)
at java.base/java.lang.reflect.Method.invoke(Method.java:568)
at org.testng.internal.MethodInvocationHelper.invokeMethod(MethodInvocationHelper.java:133)
at org.testng.internal.TestInvoker.invokeMethod(TestInvoker.java:598)
at org.testng.internal.TestInvoker.invokeTestMethod(TestInvoker.java:173)
at org.testng.internal.MethodRunner.runInSequence(MethodRunner.java:46)
at org.testng.internal.TestInvoker$MethodInvocationAgent.invoke(TestInvoker.java:824)
at org.testng.internal.TestInvoker.invokeTestMethods(TestInvoker.java:146)
at org.testng.internal.TestMethodWorker.invokeTestMethods(TestMethodWorker.java:146)
at org.testng.internal.TestMethodWorker.run(TestMethodWorker.java:128)
at java.base/java.util.ArrayList.forEach(ArrayList.java:1511)
at org.testng.TestRunner.privateRun(TestRunner.java:794)
at org.testng.TestRunner.run(TestRunner.java:596)
at org.testng.SuiteRunner.runTest(SuiteRunner.java:377)
at org.testng.SuiteRunner.runSequentially(SuiteRunner.java:371)
at org.testng.SuiteRunner.privateRun(SuiteRunner.java:332)
at org.testng.SuiteRunner.run(SuiteRunner.java:276)
at org.testng.SuiteRunnerWorker.runSuite(SuiteRunnerWorker.java:53)
at org.testng.SuiteRunnerWorker.run(SuiteRunnerWorker.java:96)
at org.testng.TestNG.runSuitesSequentially(TestNG.java:1212)
at org.testng.TestNG.runSuitesLocally(TestNG.java:1134)
at org.testng.TestNG.runSuites(TestNG.java:1063)
at org.testng.TestNG.run(TestNG.java:1031)
at org.testng.remote.AbstractRemoteTestNG.run(AbstractRemoteTestNG.java:115)
at org.testng.remote.RemoteTestNG.initAndRun(RemoteTestNG.java:251)
at org.testng.remote.RemoteTestNG.main(RemoteTestNG.java:77)
]]>
            </full-stacktrace>
          </exception> <!-- org.openqa.selenium.NoSuchElementException -->
          <reporter-output>
          </reporter-output>
        </test-method> <!-- newUserRegistration -->
      </class> <!-- com.bat.LandTraningSeleniumAutomation.Test.UserRegistrationTest -->
    </test> <!-- UserRegistrationModule -->
    <test started-at="2021-09-25T19:39:49 BDT" name="OfficeRegistrationModule" finished-at="2021-09-25T19:40:31 BDT" duration-ms="41755">
      <class name="com.bat.LandTraningSeleniumAutomation.Test.OfficeRegistrationTest">
        <test-method signature="dashboardToOffRegistrationPage()[pri:0, instance:com.bat.LandTraningSeleniumAutomation.Test.OfficeRegistrationTest@6ad82709]" started-at="2021-09-25T19:39:49 BDT" name="dashboardToOffRegistrationPage" finished-at="2021-09-25T19:40:01 BDT" duration-ms="11138" status="PASS">
          <reporter-output>
          </reporter-output>
        </test-method> <!-- dashboardToOffRegistrationPage -->
        <test-method signature="newOffRegistration()[pri:0, instance:com.bat.LandTraningSeleniumAutomation.Test.OfficeRegistrationTest@6ad82709]" started-at="2021-09-25T19:40:01 BDT" name="newOffRegistration" finished-at="2021-09-25T19:40:31 BDT" depends-on-methods="com.bat.LandTraningSeleniumAutomation.Test.OfficeRegistrationTest.dashboardToOffRegistrationPage" duration-ms="30614" status="PASS">
          <reporter-output>
          </reporter-output>
        </test-method> <!-- newOffRegistration -->
      </class> <!-- com.bat.LandTraningSeleniumAutomation.Test.OfficeRegistrationTest -->
    </test> <!-- OfficeRegistrationModule -->
    <test started-at="2021-09-25T19:40:31 BDT" name="PodobiRegistrationModule" finished-at="2021-09-25T19:41:22 BDT" duration-ms="51070">
      <class name="com.bat.LandTraningSeleniumAutomation.Test.PodobiRegistrationTest">
        <test-method signature="dashboardToPodobiRegistrationPage()[pri:0, instance:com.bat.LandTraningSeleniumAutomation.Test.PodobiRegistrationTest@7770f470]" started-at="2021-09-25T19:40:31 BDT" name="dashboardToPodobiRegistrationPage" finished-at="2021-09-25T19:40:40 BDT" duration-ms="9190" status="PASS">
          <reporter-output>
          </reporter-output>
        </test-method> <!-- dashboardToPodobiRegistrationPage -->
        <test-method signature="newPodobiRegistration()[pri:0, instance:com.bat.LandTraningSeleniumAutomation.Test.PodobiRegistrationTest@7770f470]" started-at="2021-09-25T19:40:40 BDT" name="newPodobiRegistration" finished-at="2021-09-25T19:41:22 BDT" depends-on-methods="com.bat.LandTraningSeleniumAutomation.Test.PodobiRegistrationTest.dashboardToPodobiRegistrationPage" duration-ms="41875" status="PASS">
          <reporter-output>
          </reporter-output>
        </test-method> <!-- newPodobiRegistration -->
      </class> <!-- com.bat.LandTraningSeleniumAutomation.Test.PodobiRegistrationTest -->
    </test> <!-- PodobiRegistrationModule -->
  </suite> <!-- LandTraningSeleniumAutomation -->
</testng-results>
